<?xml version="1.0" encoding="UTF-8"?>
<testng-results skipped="0" failed="0" total="1" passed="1">
  <reporter-output>
  </reporter-output>
  <suite name="Default suite" duration-ms="25033" started-at="2019-09-09T08:25:11Z" finished-at="2019-09-09T08:25:36Z">
    <groups>
    </groups>
    <test name="Default test" duration-ms="25033" started-at="2019-09-09T08:25:11Z" finished-at="2019-09-09T08:25:36Z">
      <class name="com.vcentry.tnstc.testcases.RegPageTest">
        <test-method status="PASS" signature="validateRegPage()[pri:0, instance:com.vcentry.tnstc.testcases.RegPageTest@4cdbe50f]" name="validateRegPage" duration-ms="25015" started-at="2019-09-09T13:55:11Z" finished-at="2019-09-09T13:55:36Z">
          <reporter-output>
          </reporter-output>
        </test-method> <!-- validateRegPage -->
      </class> <!-- com.vcentry.tnstc.testcases.RegPageTest -->
    </test> <!-- Default test -->
  </suite> <!-- Default suite -->
</testng-results>
